[debug] [2023-11-03T14:35:30.108Z] ----------------------------------------------------------------------
[debug] [2023-11-03T14:35:30.112Z] Command:       C:\Program Files\nodejs\node.exe C:\Users\Kabisa\AppData\Roaming\npm\node_modules\firebase-tools\lib\bin\firebase.js init
[debug] [2023-11-03T14:35:30.112Z] CLI Version:   12.8.0
[debug] [2023-11-03T14:35:30.112Z] Platform:      win32
[debug] [2023-11-03T14:35:30.113Z] Node Version:  v20.9.0
[debug] [2023-11-03T14:35:30.113Z] Time:          Fri Nov 03 2023 16:35:30 GMT+0200 (Central Africa Time)
[debug] [2023-11-03T14:35:30.113Z] ----------------------------------------------------------------------
[debug] 
[debug] [2023-11-03T14:35:30.122Z] > command requires scopes: ["email","openid","https://www.googleapis.com/auth/cloudplatformprojects.readonly","https://www.googleapis.com/auth/firebase","https://www.googleapis.com/auth/cloud-platform"]
[debug] [2023-11-03T14:35:30.123Z] > authorizing via signed-in user (douglasmasho@gmail.com)
[info] 
     ######## #### ########  ######## ########     ###     ######  ########
     ##        ##  ##     ## ##       ##     ##  ##   ##  ##       ##
     ######    ##  ########  ######   ########  #########  ######  ######
     ##        ##  ##    ##  ##       ##     ## ##     ##       ## ##
     ##       #### ##     ## ######## ########  ##     ##  ######  ########

You're about to initialize a Firebase project in this directory:

  C:\Users\Kabisa\OneDrive\Documents\GitHub\portfolio23

[info] 
=== Project Setup
[info] 
[info] First, let's associate this project directory with a Firebase project.
[info] You can create multiple project aliases by running firebase use --add, 
[info] but for now we'll just set up a default project.
[info] 
[debug] [2023-11-03T14:35:37.662Z] >>> [apiv2][query] GET https://firebase.googleapis.com/v1beta1/projects pageSize=100
[debug] [2023-11-03T14:35:43.986Z] <<< [apiv2][status] GET https://firebase.googleapis.com/v1beta1/projects 200
[debug] [2023-11-03T14:35:43.986Z] <<< [apiv2][body] GET https://firebase.googleapis.com/v1beta1/projects [omitted]
[info] i  Using project new-portfolio-34646 (New portfolio) 
[info] 
=== Hosting Setup
[info] 
[info] Your public directory is the folder (relative to your project directory) that
[info] will contain Hosting assets to be uploaded with firebase deploy. If you
[info] have a build process for your assets, use your build's output directory.
[info] 
